Arguments: 
  C:\Program Files\nodejs\node.exe C:\Program Files (x86)\Yarn\bin\yarn.js run knex:migrate

PATH: 
  C:\Python27\;C:\Python27\Scripts;C:\Program Files (x86)\Common Files\Oracle\Java\javapath;C:\Program Files (x86)\Common Files\Intel\Shared Files\cpp\bin\Intel64;C:\WINDOWS\system32;C:\WINDOWS;C:\WINDOWS\System32\Wbem;C:\WINDOWS\System32\WindowsPowerShell\v1.0\;C:\WINDOWS\System32\OpenSSH\;C:\Program Files\Java\jdk-10.0.2\bin;C:\Program Files\Microsoft SQL Server\120\Tools\Binn\;C:\ProgramData\chocolatey\bin;C:\Program Files\nodejs\;C:\Program Files\Git\cmd;C:\Program Files (x86)\Yarn\bin\;C:\Users\Lorison\Anaconda3;C:\Users\Lorison\Anaconda3\Library\mingw-w64\bin;C:\Users\Lorison\Anaconda3\Library\usr\bin;C:\Users\Lorison\Anaconda3\Library\bin;C:\Users\Lorison\Anaconda3\Scripts;C:\Users\Lorison\AppData\Local\Microsoft\WindowsApps;C:\Users\Lorison\AppData\Local\Programs\Microsoft VS Code\bin;C:\Users\Lorison\AppData\Roaming\npm;C:\Users\Lorison\AppData\Local\GitHubDesktop\bin;C:\Users\Lorison\AppData\Local\Yarn\bin;C:\Program Files\MongoDB\Server\4.2\bin

Yarn version: 
  1.22.4

Node version: 
  12.16.1

Platform: 
  win32 x64

Trace: 
  SyntaxError: C:\users\lorison\desktop\NLW-booster\server\package.json: Unexpected token } in JSON at position 532
      at JSON.parse (<anonymous>)
      at C:\Program Files (x86)\Yarn\lib\cli.js:1625:59
      at Generator.next (<anonymous>)
      at step (C:\Program Files (x86)\Yarn\lib\cli.js:310:30)
      at C:\Program Files (x86)\Yarn\lib\cli.js:321:13

npm manifest: 
  {
    "name": "server",
    "version": "1.0.0",
    "description": "",
    "main": "index.js",
    "scripts": {
      "dev": "ts-node-dev src/server.ts",
      "knex:migrate": "knex migrate:latest --knexfile knexfile.ts migrate:latest"
    },
    "keywords": [],
    "author": "",
    "license": "ISC",
    "dependencies": {
      "express": "^4.17.1",
      "knex": "^0.21.1",
      "sqlite3": "^4.2.0"
    },
    "devDependencies": {
      "@types/express": "^4.17.6",
      "ts-node": "^8.10.2",
      "ts-node-dev": "^1.0.0-pre.44",
      "typescript": "^3.9.3"
    },
    
  }

yarn manifest: 
  No manifest

Lockfile: 
  No lockfile
